<?xml version="1.0" encoding="UTF-8"?>
<!-- Generated by org.testng.reporters.JUnitReportReporter -->
<testsuite hostname="Ibukunoluwa-Popoola" failures="0" tests="3" name="testcases.SignIn" time="78.606" errors="0" timestamp="2025-08-22T22:50:36 WAT" skipped="0">
  <testcase classname="testcases.SignIn" name="testInvalidPassword" time="22.465"/>
  <testcase classname="testcases.SignIn" name="testInvalidUsername" time="27.077"/>
  <testcase classname="testcases.SignIn" name="testValidLogin" time="29.064"/>
</testsuite> <!-- testcases.SignIn -->
