<?xml version="1.0" encoding="UTF-8"?>
<!-- Generated by org.testng.reporters.JUnitReportReporter -->
<testsuite hostname="Ibukunoluwa-Popoola" failures="0" tests="1" name="com.nairaland.automation.HomePage" time="11.848" errors="0" timestamp="2025-08-22T18:14:37 WAT" skipped="0">
  <testcase classname="com.nairaland.automation.HomePage" name="testOpenHomePage" time="11.848"/>
</testsuite> <!-- com.nairaland.automation.HomePage -->
