<?xml version="1.0" encoding="UTF-8"?>
<!-- Generated by org.testng.reporters.JUnitReportReporter -->
<testsuite hostname="Ibukunoluwa-Popoola" failures="0" tests="1" name="testcases.HomePage" time="38.105" errors="0" timestamp="2025-08-22T22:06:35 WAT" skipped="0">
  <testcase classname="testcases.HomePage" name="testHomePage" time="38.105"/>
</testsuite> <!-- testcases.HomePage -->
