<?xml version="1.0" encoding="UTF-8"?>
<!-- Generated by org.testng.reporters.JUnitReportReporter -->
<testsuite hostname="Ibukunoluwa-Popoola" failures="0" tests="1" name="testcases.Entertainment" time="29.472" errors="0" timestamp="2025-08-22T22:58:29 WAT" skipped="0">
  <testcase classname="testcases.Entertainment" name="testHomePage" time="29.472"/>
</testsuite> <!-- testcases.Entertainment -->
