<?xml version="1.0" encoding="UTF-8"?>
<!-- Generated by org.testng.reporters.JUnitReportReporter -->
<testsuite hostname="Ibukunoluwa-Popoola" failures="0" tests="3" name="testcases.Registration" time="61.325" errors="0" timestamp="2025-08-22T23:21:02 WAT" skipped="0">
  <testcase classname="testcases.Registration" name="testInvalidEmailRegistration" time="23.369"/>
  <testcase classname="testcases.Registration" name="testExistingEmailRegistration" time="17.968"/>
  <testcase classname="testcases.Registration" name="testValidRegistration" time="19.988"/>
</testsuite> <!-- testcases.Registration -->
