<?xml version="1.0" encoding="UTF-8"?>
<!-- Generated by org.testng.reporters.JUnitReportReporter -->
<testsuite hostname="Ibukunoluwa-Popoola" failures="0" tests="1" name="testcases.GeneralForum" time="30.590" errors="0" timestamp="2025-08-22T23:03:26 WAT" skipped="0">
  <testcase classname="testcases.GeneralForum" name="testHomePage" time="30.590"/>
</testsuite> <!-- testcases.GeneralForum -->
