<?xml version="1.0" encoding="UTF-8"?>
<!-- Generated by org.testng.reporters.JUnitReportReporter -->
<testsuite hostname="Ibukunoluwa-Popoola" failures="0" tests="1" name="com.nairaland.automation.TestHomePage" time="24.373" errors="0" timestamp="2025-08-22T16:45:10 WAT" skipped="0">
  <testcase classname="com.nairaland.automation.TestHomePage" name="testOpenHomePage" time="24.373"/>
</testsuite> <!-- com.nairaland.automation.TestHomePage -->
